c:\users\pavel\source\repos\console_writer\debug\vc142.pdb
c:\users\pavel\source\repos\console_writer\debug\vc142.idb
c:\users\pavel\source\repos\console_writer\debug\console_writer.sbr
c:\users\pavel\source\repos\console_writer\debug\console_writer.obj
c:\users\pavel\source\repos\console_writer\debug\console_writer.exe
c:\users\pavel\source\repos\console_writer\debug\console_writer.ilk
c:\users\pavel\source\repos\console_writer\debug\console_writer.pdb
c:\users\pavel\source\repos\console_writer\debug\unittest.ilk
c:\users\pavel\source\repos\console_writer\debug\unittest.exp
c:\users\pavel\source\repos\console_writer\debug\unittest.pdb
c:\users\pavel\source\repos\console_writer\debug\console_writer.bsc
c:\users\pavel\source\repos\console_writer\debug\unittest.bsc
c:\users\pavel\source\repos\console_writer\debug\console_writer.tlog\bscmake.command.1.tlog
c:\users\pavel\source\repos\console_writer\debug\console_writer.tlog\bscmake.read.1.tlog
c:\users\pavel\source\repos\console_writer\debug\console_writer.tlog\cl.command.1.tlog
c:\users\pavel\source\repos\console_writer\debug\console_writer.tlog\cl.read.1.tlog
c:\users\pavel\source\repos\console_writer\debug\console_writer.tlog\cl.write.1.tlog
c:\users\pavel\source\repos\console_writer\debug\console_writer.tlog\link.command.1.tlog
c:\users\pavel\source\repos\console_writer\debug\console_writer.tlog\link.read.1.tlog
c:\users\pavel\source\repos\console_writer\debug\console_writer.tlog\link.write.1.tlog
